<?xml version="1.0" encoding="UTF-8"?>
<!-- Generated by org.testng.reporters.JUnitReportReporter -->
<testsuite hostname="LAPTOP-PJLE7QB8" failures="0" tests="2" name="sandbox.SandDropdown" time="16.227" errors="0" timestamp="2020-04-05T16:10:22 EDT" skipped="0">
  <testcase classname="sandbox.SandDropdown" name="SandboxNav" time="9.966"/>
  <system-out/>
  <testcase classname="sandbox.SandDropdown" name="dropdown" time="6.261"/>
  <system-out/>
</testsuite> <!-- sandbox.SandDropdown -->
