<?xml version="1.0" encoding="UTF-8"?>
<!-- Generated by org.testng.reporters.JUnitReportReporter -->
<testsuite hostname="LAPTOP-PJLE7QB8" failures="0" tests="1" name="sandbox.Base" time="16.926" errors="0" timestamp="01 Apr 2020 15:21:16 GMT" skipped="0">
  <testcase classname="sandbox.Base" name="SandboxNav" time="16.926"/>
</testsuite> <!-- sandbox.Base -->
