<?xml version="1.0" encoding="UTF-8"?>
<!-- Generated by org.testng.reporters.JUnitReportReporter -->
<testsuite hostname="LAPTOP-PJLE7QB8" failures="0" tests="2" name="sandbox.SandBoxHomeP" time="12.255" errors="0" timestamp="01 Apr 2020 15:50:01 GMT" skipped="0">
  <testcase classname="sandbox.SandBoxHomeP" name="SandboxNav" time="11.612"/>
  <testcase classname="sandbox.SandBoxHomeP" name="VerSandHome" time="0.643"/>
</testsuite> <!-- sandbox.SandBoxHomeP -->
